Year Species.n Age M1 M2 M F Z N  
2022 2 0 0.0504474 0.0761793 0.126627 0 0.126627 2.08522e+07 
2022 2 1 0.0980772 0.13489 0.232967 0.064323 0.29729 1.60987e+07 
2022 2 2 0.0986862 0.0731015 0.171788 0.135983 0.307771 6.50768e+06 
2022 2 3 0.0979544 0.0617059 0.15966 0.203351 0.363011 8.20219e+06 
2022 2 4 0.097648 0.0482298 0.145878 0.276752 0.422629 1.95813e+06 
2022 2 5 0.0968087 0.0448283 0.141637 0.394883 0.53652 1.78791e+06 
2022 2 6 0.0967981 0.0386726 0.135471 0.394692 0.530163 720654 
2022 2 7 0.0968841 0.0364002 0.133284 0.394954 0.528238 383303 
2022 2 8 0.0970595 0.0303528 0.127412 0.395528 0.522941 786088 
2023 2 0 0.0504348 0.0740613 0.124496 0 0.124496 2.08522e+07 
2023 2 1 0.0982144 0.12872 0.226935 0.0644114 0.291346 1.54828e+07 
2023 2 2 0.0987515 0.0695789 0.16833 0.136049 0.30438 1.196e+07 
2023 2 3 0.0980057 0.0587128 0.156719 0.203417 0.360135 4.59455e+06 
2023 2 4 0.0976847 0.0458848 0.14357 0.276814 0.420384 5.50686e+06 
2023 2 5 0.0968431 0.0426119 0.139455 0.394966 0.534421 1.19244e+06 
2023 2 6 0.0968303 0.0367124 0.133543 0.394774 0.528316 1.05053e+06 
2023 2 7 0.096913 0.0345388 0.131452 0.395025 0.526477 425673 
2023 2 8 0.0970776 0.0288597 0.125937 0.395565 0.521502 693889 
2024 2 0 0.0504263 0.0726827 0.123109 0 0.123109 2.08522e+07 
2024 2 1 0.0982985 0.124871 0.22317 0.0644659 0.287636 1.55626e+07 
2024 2 2 0.0987906 0.0673961 0.166187 0.136089 0.302275 1.1533e+07 
2024 2 3 0.0980362 0.0568618 0.154898 0.203456 0.358354 8.46193e+06 
2024 2 4 0.0977064 0.0444343 0.142141 0.27685 0.418991 3.08993e+06 
2024 2 5 0.0968634 0.0412426 0.138106 0.395014 0.53312 3.3587e+06 
2024 2 6 0.0968495 0.0355032 0.132353 0.394821 0.527174 701618 
2024 2 7 0.09693 0.0333899 0.13032 0.395067 0.525387 621294 
2024 2 8 0.097088 0.0279371 0.125025 0.395585 0.52061 665034 
2025 2 0 0.0504213 0.0718376 0.122259 0 0.122259 2.08522e+07 
2025 2 1 0.0983475 0.122587 0.220935 0.0644978 0.285432 1.56118e+07 
2025 2 2 0.0988135 0.0660864 0.1649 0.136111 0.301011 1.16115e+07 
2025 2 3 0.0980541 0.05575 0.153804 0.203478 0.357282 8.1705e+06 
2025 2 4 0.0977191 0.0435596 0.141279 0.276871 0.41815 5.69678e+06 
2025 2 5 0.0968753 0.0404178 0.137293 0.395042 0.532335 1.88639e+06 
2025 2 6 0.0968606 0.0347721 0.131633 0.394849 0.526481 1.97792e+06 
2025 2 7 0.09694 0.0326941 0.129634 0.39509 0.524724 415265 
2025 2 8 0.097094 0.0273751 0.124469 0.395596 0.520065 764619 
2026 2 0 0.0504176 0.0712491 0.121667 0 0.121667 2.08522e+07 
2026 2 1 0.0983825 0.120967 0.21935 0.0645205 0.28387 1.56449e+07 
2026 2 2 0.09883 0.0651611 0.163991 0.136128 0.300119 1.16611e+07 
2026 2 3 0.098067 0.0549634 0.15303 0.203495 0.356525 8.23341e+06 
2026 2 4 0.0977283 0.0429425 0.140671 0.276886 0.417557 5.50445e+06 
2026 2 5 0.0968839 0.0398347 0.136719 0.395062 0.531781 3.48011e+06 
2026 2 6 0.0968688 0.0342574 0.131126 0.394869 0.525995 1.11153e+06 
2026 2 7 0.0969473 0.0322029 0.12915 0.395108 0.524258 1.17128e+06 
2026 2 8 0.0970985 0.0269806 0.124079 0.395604 0.519684 701641 
2027 2 0 0.0504162 0.0710174 0.121434 0 0.121434 2.08522e+07 
2027 2 1 0.0983962 0.120336 0.218732 0.0645295 0.283261 1.56618e+07 
2027 2 2 0.0988365 0.0647937 0.16363 0.136135 0.299765 1.16924e+07 
2027 2 3 0.098072 0.0546529 0.152725 0.203501 0.356226 8.27221e+06 
2027 2 4 0.0977319 0.0426962 0.140428 0.276893 0.417321 5.54882e+06 
2027 2 5 0.0968873 0.0396026 0.13649 0.395071 0.531561 3.36371e+06 
2027 2 6 0.096872 0.0340496 0.130922 0.394877 0.525798 2.05121e+06 
2027 2 7 0.0969501 0.0320039 0.128954 0.395115 0.524069 658397 
2027 2 8 0.0971003 0.0268202 0.123921 0.395608 0.519528 1.11409e+06 
2028 2 0 0.0504151 0.0708381 0.121253 0 0.121253 2.08522e+07 
2028 2 1 0.0984065 0.119854 0.218261 0.0645362 0.282797 1.56713e+07 
2028 2 2 0.0988414 0.0645141 0.163355 0.13614 0.299495 1.17088e+07 
2028 2 3 0.0980759 0.0544154 0.152491 0.203506 0.355998 8.29652e+06 
2028 2 4 0.0977347 0.0425087 0.140243 0.276897 0.41714 5.57612e+06 
2028 2 5 0.0968899 0.0394256 0.136316 0.395077 0.531392 3.39147e+06 
2028 2 6 0.0968744 0.0338922 0.130767 0.394883 0.525649 1.98295e+06 
2028 2 7 0.0969524 0.031852 0.128804 0.39512 0.523925 1.21519e+06 
2028 2 8 0.0971016 0.0266983 0.1238 0.39561 0.51941 1.05443e+06 
2029 2 0 0.0504146 0.0707624 0.121177 0 0.121177 2.08522e+07 
2029 2 1 0.0984104 0.119669 0.218079 0.0645387 0.282618 1.56763e+07 
2029 2 2 0.0988433 0.0644021 0.163245 0.136142 0.299387 1.17179e+07 
2029 2 3 0.0980774 0.0543206 0.152398 0.203508 0.355906 8.30927e+06 
2029 2 4 0.0977358 0.0424326 0.140168 0.276899 0.417067 5.59312e+06 
2029 2 5 0.0968909 0.0393541 0.136245 0.395079 0.531324 3.4085e+06 
2029 2 6 0.0968753 0.0338278 0.130703 0.394885 0.525588 1.99949e+06 
2029 2 7 0.0969532 0.031789 0.128742 0.395123 0.523865 1.17485e+06 
2029 2 8 0.0971021 0.0266474 0.12375 0.395611 0.519361 1.35032e+06 
2030 2 0 0.0504142 0.0706996 0.121114 0 0.121114 2.08522e+07 
2030 2 1 0.0984138 0.119506 0.21792 0.0645409 0.282461 1.56794e+07 
2030 2 2 0.0988449 0.0643065 0.163151 0.136143 0.299295 1.17229e+07 
2030 2 3 0.0980787 0.0542394 0.152318 0.20351 0.355828 8.31644e+06 
2030 2 4 0.0977367 0.0423682 0.140105 0.276901 0.417005 5.60211e+06 
2030 2 5 0.0968918 0.0392934 0.136185 0.395081 0.531266 3.41911e+06 
2030 2 6 0.0968762 0.0337736 0.13065 0.394887 0.525537 2.00965e+06 
2030 2 7 0.096954 0.0317366 0.128691 0.395124 0.523815 1.18471e+06 
2030 2 8 0.0971026 0.0266051 0.123708 0.395612 0.51932 1.5024e+06 
2031 2 0 0.050414 0.0706609 0.121075 0 0.121075 2.08522e+07 
2031 2 1 0.0984159 0.119406 0.217822 0.0645423 0.282364 1.56816e+07 
2031 2 2 0.098846 0.0642479 0.163094 0.136144 0.299238 1.17261e+07 
2031 2 3 0.0980794 0.0541897 0.152269 0.203511 0.35578 8.32049e+06 
2031 2 4 0.0977373 0.0423287 0.140066 0.276901 0.416967 5.60721e+06 
2031 2 5 0.0968923 0.0392562 0.136149 0.395083 0.531231 3.42476e+06 
2031 2 6 0.0968767 0.0337404 0.130617 0.394888 0.525505 2.01599e+06 
2031 2 7 0.0969545 0.0317045 0.128659 0.395126 0.523785 1.19077e+06 
2031 2 8 0.0971029 0.0265792 0.123682 0.395613 0.519295 1.5988e+06 
2032 2 0 0.0504139 0.0706372 0.121051 0 0.121051 2.08522e+07 
2032 2 1 0.0984172 0.119345 0.217762 0.0645431 0.282305 1.56829e+07 
2032 2 2 0.0988466 0.0642118 0.163058 0.136145 0.299203 1.17283e+07 
2032 2 3 0.0980799 0.0541591 0.152239 0.203512 0.355751 8.32308e+06 
2032 2 4 0.0977376 0.0423044 0.140042 0.276902 0.416944 5.61011e+06 
2032 2 5 0.0968926 0.0392333 0.136126 0.395083 0.531209 3.42797e+06 
2032 2 6 0.096877 0.03372 0.130597 0.394889 0.525486 2.01936e+06 
2032 2 7 0.0969547 0.0316847 0.128639 0.395126 0.523766 1.19455e+06 
2032 2 8 0.097103 0.0265632 0.123666 0.395613 0.519279 1.65978e+06 
2033 2 0 0.0504138 0.0706225 0.121036 0 0.121036 2.08522e+07 
2033 2 1 0.098418 0.119307 0.217725 0.0645437 0.282269 1.56838e+07 
2033 2 2 0.098847 0.0641896 0.163037 0.136145 0.299182 1.17296e+07 
2033 2 3 0.0980802 0.0541403 0.15222 0.203512 0.355732 8.32481e+06 
2033 2 4 0.0977378 0.0422895 0.140027 0.276902 0.41693 5.61196e+06 
2033 2 5 0.0968928 0.0392192 0.136112 0.395084 0.531196 3.42979e+06 
2033 2 6 0.0968772 0.0337074 0.130585 0.39489 0.525474 2.02129e+06 
2033 2 7 0.0969549 0.0316725 0.128627 0.395127 0.523754 1.19657e+06 
2033 2 8 0.0971032 0.0265534 0.123657 0.395613 0.51927 1.69834e+06 
2034 2 0 0.0504137 0.0706134 0.121027 0 0.121027 2.08522e+07 
2034 2 1 0.0984185 0.119284 0.217703 0.064544 0.282247 1.56843e+07 
2034 2 2 0.0988472 0.0641759 0.163023 0.136146 0.299169 1.17304e+07 
2034 2 3 0.0980804 0.0541286 0.152209 0.203512 0.355721 8.32587e+06 
2034 2 4 0.097738 0.0422802 0.140018 0.276903 0.416921 5.61318e+06 
2034 2 5 0.096893 0.0392105 0.136103 0.395084 0.531187 3.43096e+06 
2034 2 6 0.0968773 0.0336996 0.130577 0.39489 0.525467 2.02238e+06 
2034 2 7 0.096955 0.031665 0.12862 0.395127 0.523747 1.19772e+06 
2034 2 8 0.0971032 0.0265473 0.123651 0.395613 0.519264 1.72249e+06 
2035 2 0 0.0504137 0.0706077 0.121021 0 0.121021 2.08522e+07 
2035 2 1 0.0984188 0.11927 0.217688 0.0645442 0.282232 1.56846e+07 
2035 2 2 0.0988473 0.0641673 0.163015 0.136146 0.29916 1.17309e+07 
2035 2 3 0.0980805 0.0541213 0.152202 0.203512 0.355714 8.32653e+06 
2035 2 4 0.097738 0.0422744 0.140012 0.276903 0.416915 5.61394e+06 
2035 2 5 0.096893 0.039205 0.136098 0.395084 0.531182 3.43173e+06 
2035 2 6 0.0968774 0.0336947 0.130572 0.39489 0.525462 2.02308e+06 
2035 2 7 0.0969551 0.0316603 0.128615 0.395127 0.523742 1.19838e+06 
2035 2 8 0.0971033 0.0265435 0.123647 0.395614 0.51926 1.73755e+06 
2036 2 0 0.0504137 0.0706042 0.121018 0 0.121018 2.08522e+07 
2036 2 1 0.0984189 0.11926 0.217679 0.0645443 0.282224 1.56848e+07 
2036 2 2 0.0988474 0.0641619 0.163009 0.136146 0.299155 1.17312e+07 
2036 2 3 0.0980806 0.0541167 0.152197 0.203512 0.35571 8.32693e+06 
2036 2 4 0.0977381 0.0422708 0.140009 0.276903 0.416912 5.6144e+06 
2036 2 5 0.0968931 0.0392016 0.136095 0.395084 0.531179 3.4322e+06 
2036 2 6 0.0968774 0.0336917 0.130569 0.39489 0.525459 2.02354e+06 
2036 2 7 0.0969551 0.0316573 0.128612 0.395127 0.52374 1.19879e+06 
2036 2 8 0.0971033 0.0265411 0.123644 0.395614 0.519258 1.7469e+06 
2037 2 0 0.0504137 0.070602 0.121016 0 0.121016 2.08522e+07 
2037 2 1 0.0984191 0.119255 0.217674 0.0645444 0.282218 1.56849e+07 
2037 2 2 0.0988475 0.0641586 0.163006 0.136146 0.299152 1.17314e+07 
2037 2 3 0.0980806 0.0541139 0.152195 0.203513 0.355707 8.32719e+06 
2037 2 4 0.0977381 0.0422686 0.140007 0.276903 0.41691 5.61469e+06 
2037 2 5 0.0968931 0.0391995 0.136093 0.395084 0.531177 3.4325e+06 
2037 2 6 0.0968774 0.0336898 0.130567 0.39489 0.525458 2.02383e+06 
2037 2 7 0.0969551 0.0316555 0.128611 0.395127 0.523738 1.19907e+06 
2037 2 8 0.0971033 0.0265396 0.123643 0.395614 0.519257 1.75272e+06 
2038 2 0 0.0504137 0.0706006 0.121014 0 0.121014 2.08522e+07 
2038 2 1 0.0984191 0.119251 0.21767 0.0645444 0.282215 1.5685e+07 
2038 2 2 0.0988475 0.0641565 0.163004 0.136146 0.29915 1.17316e+07 
2038 2 3 0.0980807 0.0541121 0.152193 0.203513 0.355705 8.32734e+06 
2038 2 4 0.0977381 0.0422672 0.140005 0.276903 0.416908 5.61487e+06 
2038 2 5 0.0968931 0.0391982 0.136091 0.395084 0.531176 3.43268e+06 
2038 2 6 0.0968774 0.0336886 0.130566 0.39489 0.525456 2.024e+06 
2038 2 7 0.0969552 0.0316544 0.12861 0.395127 0.523737 1.19924e+06 
2038 2 8 0.0971033 0.0265387 0.123642 0.395614 0.519256 1.75635e+06 
2039 2 0 0.0504136 0.0705997 0.121013 0 0.121013 2.08522e+07 
2039 2 1 0.0984192 0.119249 0.217668 0.0645445 0.282213 1.56851e+07 
2039 2 2 0.0988475 0.0641552 0.163003 0.136146 0.299149 1.17316e+07 
2039 2 3 0.0980807 0.0541111 0.152192 0.203513 0.355704 8.32744e+06 
2039 2 4 0.0977382 0.0422663 0.140004 0.276903 0.416907 5.61498e+06 
2039 2 5 0.0968931 0.0391974 0.136091 0.395085 0.531175 3.43279e+06 
2039 2 6 0.0968775 0.0336879 0.130565 0.39489 0.525456 2.02411e+06 
2039 2 7 0.0969552 0.0316537 0.128609 0.395127 0.523736 1.19935e+06 
2039 2 8 0.0971033 0.0265381 0.123641 0.395614 0.519255 1.75861e+06 
2040 2 0 0.0504136 0.0705992 0.121013 0 0.121013 2.08522e+07 
2040 2 1 0.0984192 0.119248 0.217667 0.0645445 0.282211 1.56851e+07 
2040 2 2 0.0988476 0.0641544 0.163002 0.136146 0.299148 1.17317e+07 
2040 2 3 0.0980807 0.0541104 0.152191 0.203513 0.355704 8.3275e+06 
2040 2 4 0.0977382 0.0422658 0.140004 0.276903 0.416907 5.61505e+06 
2040 2 5 0.0968932 0.0391969 0.13609 0.395085 0.531175 3.43286e+06 
2040 2 6 0.0968775 0.0336874 0.130565 0.39489 0.525455 2.02418e+06 
2040 2 7 0.0969552 0.0316532 0.128608 0.395127 0.523736 1.19941e+06 
2040 2 8 0.0971033 0.0265378 0.123641 0.395614 0.519255 1.76002e+06 
2041 2 0 0.0504136 0.0705989 0.121013 0 0.121013 2.08522e+07 
2041 2 1 0.0984192 0.119247 0.217666 0.0645445 0.282211 1.56851e+07 
2041 2 2 0.0988476 0.0641539 0.163002 0.136146 0.299147 1.17317e+07 
2041 2 3 0.0980807 0.0541099 0.152191 0.203513 0.355703 8.32754e+06 
2041 2 4 0.0977382 0.0422654 0.140004 0.276903 0.416907 5.6151e+06 
2041 2 5 0.0968932 0.0391965 0.13609 0.395085 0.531174 3.43291e+06 
2041 2 6 0.0968775 0.0336871 0.130565 0.39489 0.525455 2.02422e+06 
2041 2 7 0.0969552 0.0316529 0.128608 0.395127 0.523735 1.19945e+06 
2041 2 8 0.0971033 0.0265376 0.123641 0.395614 0.519255 1.76089e+06 
2042 2 0 0.0504136 0.0705987 0.121012 0 0.121012 2.08522e+07 
2042 2 1 0.0984192 0.119246 0.217666 0.0645445 0.28221 1.56851e+07 
2042 2 2 0.0988476 0.0641536 0.163001 0.136146 0.299147 1.17317e+07 
2042 2 3 0.0980807 0.0541097 0.15219 0.203513 0.355703 8.32756e+06 
2042 2 4 0.0977382 0.0422652 0.140003 0.276903 0.416906 5.61512e+06 
2042 2 5 0.0968932 0.0391963 0.13609 0.395085 0.531174 3.43293e+06 
2042 2 6 0.0968775 0.0336869 0.130564 0.39489 0.525455 2.02425e+06 
2042 2 7 0.0969552 0.0316528 0.128608 0.395127 0.523735 1.19948e+06 
2042 2 8 0.0971033 0.0265374 0.123641 0.395614 0.519254 1.76144e+06 
2043 2 0 0.0504136 0.0705985 0.121012 0 0.121012 2.08522e+07 
2043 2 1 0.0984192 0.119246 0.217665 0.0645445 0.28221 1.56851e+07 
2043 2 2 0.0988476 0.0641534 0.163001 0.136146 0.299147 1.17317e+07 
2043 2 3 0.0980807 0.0541095 0.15219 0.203513 0.355703 8.32758e+06 
2043 2 4 0.0977382 0.0422651 0.140003 0.276903 0.416906 5.61514e+06 
2043 2 5 0.0968932 0.0391962 0.136089 0.395085 0.531174 3.43295e+06 
2043 2 6 0.0968775 0.0336868 0.130564 0.39489 0.525455 2.02426e+06 
2043 2 7 0.0969552 0.0316527 0.128608 0.395127 0.523735 1.19949e+06 
2043 2 8 0.0971033 0.0265373 0.123641 0.395614 0.519254 1.76178e+06 
2044 2 0 0.0504136 0.0705985 0.121012 0 0.121012 2.08522e+07 
2044 2 1 0.0984193 0.119246 0.217665 0.0645445 0.28221 1.56851e+07 
2044 2 2 0.0988476 0.0641533 0.163001 0.136146 0.299147 1.17318e+07 
2044 2 3 0.0980807 0.0541094 0.15219 0.203513 0.355703 8.32759e+06 
2044 2 4 0.0977382 0.042265 0.140003 0.276903 0.416906 5.61515e+06 
2044 2 5 0.0968932 0.0391961 0.136089 0.395085 0.531174 3.43296e+06 
2044 2 6 0.0968775 0.0336868 0.130564 0.39489 0.525455 2.02427e+06 
2044 2 7 0.0969552 0.0316526 0.128608 0.395127 0.523735 1.1995e+06 
2044 2 8 0.0971033 0.0265373 0.123641 0.395614 0.519254 1.76199e+06 
2045 2 0 0.0504136 0.0705984 0.121012 0 0.121012 2.08522e+07 
2045 2 1 0.0984193 0.119246 0.217665 0.0645445 0.282209 1.56851e+07 
2045 2 2 0.0988476 0.0641532 0.163001 0.136146 0.299147 1.17318e+07 
2045 2 3 0.0980807 0.0541093 0.15219 0.203513 0.355703 8.32759e+06 
2045 2 4 0.0977382 0.0422649 0.140003 0.276903 0.416906 5.61516e+06 
2045 2 5 0.0968932 0.0391961 0.136089 0.395085 0.531174 3.43297e+06 
2045 2 6 0.0968775 0.0336867 0.130564 0.39489 0.525455 2.02428e+06 
2045 2 7 0.0969552 0.0316525 0.128608 0.395127 0.523735 1.19951e+06 
2045 2 8 0.0971033 0.0265373 0.123641 0.395614 0.519254 1.76212e+06 
2046 2 0 0.0504136 0.0705984 0.121012 0 0.121012 2.08522e+07 
2046 2 1 0.0984193 0.119246 0.217665 0.0645445 0.282209 1.56851e+07 
2046 2 2 0.0988476 0.0641532 0.163001 0.136146 0.299147 1.17318e+07 
2046 2 3 0.0980807 0.0541093 0.15219 0.203513 0.355703 8.3276e+06 
2046 2 4 0.0977382 0.0422649 0.140003 0.276903 0.416906 5.61516e+06 
2046 2 5 0.0968932 0.0391961 0.136089 0.395085 0.531174 3.43297e+06 
2046 2 6 0.0968775 0.0336867 0.130564 0.39489 0.525455 2.02429e+06 
2046 2 7 0.0969552 0.0316525 0.128608 0.395127 0.523735 1.19951e+06 
2046 2 8 0.0971033 0.0265372 0.123641 0.395614 0.519254 1.76221e+06 
2047 2 0 0.0504136 0.0705984 0.121012 0 0.121012 2.08522e+07 
2047 2 1 0.0984193 0.119246 0.217665 0.0645445 0.282209 1.56851e+07 
2047 2 2 0.0988476 0.0641532 0.163001 0.136146 0.299147 1.17318e+07 
2047 2 3 0.0980807 0.0541093 0.15219 0.203513 0.355703 8.3276e+06 
2047 2 4 0.0977382 0.0422649 0.140003 0.276903 0.416906 5.61516e+06 
2047 2 5 0.0968932 0.039196 0.136089 0.395085 0.531174 3.43298e+06 
2047 2 6 0.0968775 0.0336867 0.130564 0.39489 0.525455 2.02429e+06 
2047 2 7 0.0969552 0.0316525 0.128608 0.395127 0.523735 1.19952e+06 
2047 2 8 0.0971033 0.0265372 0.123641 0.395614 0.519254 1.76226e+06 
2048 2 0 0.0504136 0.0705984 0.121012 0 0.121012 2.08522e+07 
2048 2 1 0.0984193 0.119246 0.217665 0.0645445 0.282209 1.56851e+07 
2048 2 2 0.0988476 0.0641531 0.163001 0.136146 0.299147 1.17318e+07 
2048 2 3 0.0980807 0.0541093 0.15219 0.203513 0.355703 8.3276e+06 
2048 2 4 0.0977382 0.0422649 0.140003 0.276903 0.416906 5.61517e+06 
2048 2 5 0.0968932 0.039196 0.136089 0.395085 0.531174 3.43298e+06 
2048 2 6 0.0968775 0.0336867 0.130564 0.39489 0.525455 2.02429e+06 
2048 2 7 0.0969552 0.0316525 0.128608 0.395127 0.523735 1.19952e+06 
2048 2 8 0.0971033 0.0265372 0.123641 0.395614 0.519254 1.76229e+06 
2049 2 0 0.0504136 0.0705983 0.121012 0 0.121012 2.08522e+07 
2049 2 1 0.0984193 0.119245 0.217665 0.0645445 0.282209 1.56851e+07 
2049 2 2 0.0988476 0.0641531 0.163001 0.136146 0.299147 1.17318e+07 
2049 2 3 0.0980807 0.0541093 0.15219 0.203513 0.355703 8.3276e+06 
2049 2 4 0.0977382 0.0422649 0.140003 0.276903 0.416906 5.61517e+06 
2049 2 5 0.0968932 0.039196 0.136089 0.395085 0.531174 3.43298e+06 
2049 2 6 0.0968775 0.0336867 0.130564 0.39489 0.525455 2.02429e+06 
2049 2 7 0.0969552 0.0316525 0.128608 0.395127 0.523735 1.19952e+06 
2049 2 8 0.0971033 0.0265372 0.123641 0.395614 0.519254 1.76231e+06 
2050 2 0 0.0504136 0.0705983 0.121012 0 0.121012 2.08522e+07 
2050 2 1 0.0984193 0.119245 0.217665 0.0645445 0.282209 1.56851e+07 
2050 2 2 0.0988476 0.0641531 0.163001 0.136146 0.299147 1.17318e+07 
2050 2 3 0.0980807 0.0541093 0.15219 0.203513 0.355703 8.3276e+06 
2050 2 4 0.0977382 0.0422649 0.140003 0.276903 0.416906 5.61517e+06 
2050 2 5 0.0968932 0.039196 0.136089 0.395085 0.531174 3.43298e+06 
2050 2 6 0.0968775 0.0336867 0.130564 0.39489 0.525455 2.02429e+06 
2050 2 7 0.0969552 0.0316525 0.128608 0.395127 0.523735 1.19952e+06 
2050 2 8 0.0971033 0.0265372 0.123641 0.395614 0.519254 1.76232e+06 
2051 2 0 0.0504136 0.0705983 0.121012 0 0.121012 2.08522e+07 
2051 2 1 0.0984193 0.119245 0.217665 0.0645445 0.282209 1.56851e+07 
2051 2 2 0.0988476 0.0641531 0.163001 0.136146 0.299147 1.17318e+07 
2051 2 3 0.0980807 0.0541092 0.15219 0.203513 0.355703 8.3276e+06 
2051 2 4 0.0977382 0.0422649 0.140003 0.276903 0.416906 5.61517e+06 
2051 2 5 0.0968932 0.039196 0.136089 0.395085 0.531174 3.43298e+06 
2051 2 6 0.0968775 0.0336867 0.130564 0.39489 0.525455 2.02429e+06 
2051 2 7 0.0969552 0.0316525 0.128608 0.395127 0.523735 1.19952e+06 
2051 2 8 0.0971033 0.0265372 0.123641 0.395614 0.519254 1.76233e+06 
2052 2 0 0.0504136 0.0705983 0.121012 0 0.121012 2.08522e+07 
2052 2 1 0.0984193 0.119245 0.217665 0.0645445 0.282209 1.56851e+07 
2052 2 2 0.0988476 0.0641531 0.163001 0.136146 0.299147 1.17318e+07 
2052 2 3 0.0980807 0.0541092 0.15219 0.203513 0.355703 8.3276e+06 
2052 2 4 0.0977382 0.0422649 0.140003 0.276903 0.416906 5.61517e+06 
2052 2 5 0.0968932 0.039196 0.136089 0.395085 0.531174 3.43298e+06 
2052 2 6 0.0968775 0.0336867 0.130564 0.39489 0.525455 2.02429e+06 
2052 2 7 0.0969552 0.0316525 0.128608 0.395127 0.523735 1.19952e+06 
2052 2 8 0.0971033 0.0265372 0.123641 0.395614 0.519254 1.76233e+06 
2053 2 0 0.0504136 0.0705983 0.121012 0 0.121012 2.08522e+07 
2053 2 1 0.0984193 0.119245 0.217665 0.0645445 0.282209 1.56851e+07 
2053 2 2 0.0988476 0.0641531 0.163001 0.136146 0.299147 1.17318e+07 
2053 2 3 0.0980807 0.0541092 0.15219 0.203513 0.355703 8.3276e+06 
2053 2 4 0.0977382 0.0422649 0.140003 0.276903 0.416906 5.61517e+06 
2053 2 5 0.0968932 0.039196 0.136089 0.395085 0.531174 3.43298e+06 
2053 2 6 0.0968775 0.0336866 0.130564 0.39489 0.525455 2.02429e+06 
2053 2 7 0.0969552 0.0316525 0.128608 0.395127 0.523735 1.19952e+06 
2053 2 8 0.0971033 0.0265372 0.123641 0.395614 0.519254 1.76234e+06 
2054 2 0 0.0504136 0.0705983 0.121012 0 0.121012 2.08522e+07 
2054 2 1 0.0984193 0.119245 0.217665 0.0645445 0.282209 1.56851e+07 
2054 2 2 0.0988476 0.0641531 0.163001 0.136146 0.299147 1.17318e+07 
2054 2 3 0.0980807 0.0541092 0.15219 0.203513 0.355703 8.3276e+06 
2054 2 4 0.0977382 0.0422649 0.140003 0.276903 0.416906 5.61517e+06 
2054 2 5 0.0968932 0.039196 0.136089 0.395085 0.531174 3.43298e+06 
2054 2 6 0.0968775 0.0336866 0.130564 0.39489 0.525455 2.02429e+06 
2054 2 7 0.0969552 0.0316525 0.128608 0.395127 0.523735 1.19952e+06 
2054 2 8 0.0971033 0.0265372 0.123641 0.395614 0.519254 1.76234e+06 
2055 2 0 0.0504136 0.0705983 0.121012 0 0.121012 2.08522e+07 
2055 2 1 0.0984193 0.119245 0.217665 0.0645445 0.282209 1.56851e+07 
2055 2 2 0.0988476 0.0641531 0.163001 0.136146 0.299147 1.17318e+07 
2055 2 3 0.0980807 0.0541092 0.15219 0.203513 0.355703 8.3276e+06 
2055 2 4 0.0977382 0.0422649 0.140003 0.276903 0.416906 5.61517e+06 
2055 2 5 0.0968932 0.039196 0.136089 0.395085 0.531174 3.43298e+06 
2055 2 6 0.0968775 0.0336866 0.130564 0.39489 0.525455 2.02429e+06 
2055 2 7 0.0969552 0.0316525 0.128608 0.395127 0.523735 1.19952e+06 
2055 2 8 0.0971033 0.0265372 0.123641 0.395614 0.519254 1.76234e+06 
2056 2 0 0.0504136 0.0705983 0.121012 0 0.121012 2.08522e+07 
2056 2 1 0.0984193 0.119245 0.217665 0.0645445 0.282209 1.56851e+07 
2056 2 2 0.0988476 0.0641531 0.163001 0.136146 0.299147 1.17318e+07 
2056 2 3 0.0980807 0.0541092 0.15219 0.203513 0.355703 8.3276e+06 
2056 2 4 0.0977382 0.0422649 0.140003 0.276903 0.416906 5.61517e+06 
2056 2 5 0.0968932 0.039196 0.136089 0.395085 0.531174 3.43298e+06 
2056 2 6 0.0968775 0.0336866 0.130564 0.39489 0.525455 2.02429e+06 
2056 2 7 0.0969552 0.0316525 0.128608 0.395127 0.523735 1.19952e+06 
2056 2 8 0.0971033 0.0265372 0.123641 0.395614 0.519254 1.76234e+06 
2057 2 0 0.0504136 0.0705983 0.121012 0 0.121012 2.08522e+07 
2057 2 1 0.0984193 0.119245 0.217665 0.0645445 0.282209 1.56851e+07 
2057 2 2 0.0988476 0.0641531 0.163001 0.136146 0.299147 1.17318e+07 
2057 2 3 0.0980807 0.0541092 0.15219 0.203513 0.355703 8.3276e+06 
2057 2 4 0.0977382 0.0422649 0.140003 0.276903 0.416906 5.61517e+06 
2057 2 5 0.0968932 0.039196 0.136089 0.395085 0.531174 3.43298e+06 
2057 2 6 0.0968775 0.0336866 0.130564 0.39489 0.525455 2.02429e+06 
2057 2 7 0.0969552 0.0316525 0.128608 0.395127 0.523735 1.19952e+06 
2057 2 8 0.0971033 0.0265372 0.123641 0.395614 0.519254 1.76234e+06 
2058 2 0 0.0504136 0.0705983 0.121012 0 0.121012 2.08522e+07 
2058 2 1 0.0984193 0.119245 0.217665 0.0645445 0.282209 1.56851e+07 
2058 2 2 0.0988476 0.0641531 0.163001 0.136146 0.299147 1.17318e+07 
2058 2 3 0.0980807 0.0541092 0.15219 0.203513 0.355703 8.3276e+06 
2058 2 4 0.0977382 0.0422649 0.140003 0.276903 0.416906 5.61517e+06 
2058 2 5 0.0968932 0.039196 0.136089 0.395085 0.531174 3.43298e+06 
2058 2 6 0.0968775 0.0336866 0.130564 0.39489 0.525455 2.02429e+06 
2058 2 7 0.0969552 0.0316525 0.128608 0.395127 0.523735 1.19952e+06 
2058 2 8 0.0971033 0.0265372 0.123641 0.395614 0.519254 1.76234e+06 
2059 2 0 0.0504136 0.0705983 0.121012 0 0.121012 2.08522e+07 
2059 2 1 0.0984193 0.119245 0.217665 0.0645445 0.282209 1.56851e+07 
2059 2 2 0.0988476 0.0641531 0.163001 0.136146 0.299147 1.17318e+07 
2059 2 3 0.0980807 0.0541092 0.15219 0.203513 0.355703 8.3276e+06 
2059 2 4 0.0977382 0.0422649 0.140003 0.276903 0.416906 5.61517e+06 
2059 2 5 0.0968932 0.039196 0.136089 0.395085 0.531174 3.43298e+06 
2059 2 6 0.0968775 0.0336866 0.130564 0.39489 0.525455 2.02429e+06 
2059 2 7 0.0969552 0.0316525 0.128608 0.395127 0.523735 1.19952e+06 
2059 2 8 0.0971033 0.0265372 0.123641 0.395614 0.519254 1.76234e+06 
2060 2 0 0.0504136 0.0705983 0.121012 0 0.121012 2.08522e+07 
2060 2 1 0.0984193 0.119245 0.217665 0.0645445 0.282209 1.56851e+07 
2060 2 2 0.0988476 0.0641531 0.163001 0.136146 0.299147 1.17318e+07 
2060 2 3 0.0980807 0.0541092 0.15219 0.203513 0.355703 8.3276e+06 
2060 2 4 0.0977382 0.0422649 0.140003 0.276903 0.416906 5.61517e+06 
2060 2 5 0.0968932 0.039196 0.136089 0.395085 0.531174 3.43298e+06 
2060 2 6 0.0968775 0.0336866 0.130564 0.39489 0.525455 2.02429e+06 
2060 2 7 0.0969552 0.0316525 0.128608 0.395127 0.523735 1.19952e+06 
2060 2 8 0.0971033 0.0265372 0.123641 0.395614 0.519254 1.76234e+06 
2061 2 0 0.0504136 0.0705983 0.121012 0 0.121012 2.08522e+07 
2061 2 1 0.0984193 0.119245 0.217665 0.0645445 0.282209 1.56851e+07 
2061 2 2 0.0988476 0.0641531 0.163001 0.136146 0.299147 1.17318e+07 
2061 2 3 0.0980807 0.0541092 0.15219 0.203513 0.355703 8.3276e+06 
2061 2 4 0.0977382 0.0422649 0.140003 0.276903 0.416906 5.61517e+06 
2061 2 5 0.0968932 0.039196 0.136089 0.395085 0.531174 3.43298e+06 
2061 2 6 0.0968775 0.0336866 0.130564 0.39489 0.525455 2.02429e+06 
2061 2 7 0.0969552 0.0316525 0.128608 0.395127 0.523735 1.19952e+06 
2061 2 8 0.0971033 0.0265372 0.123641 0.395614 0.519254 1.76234e+06 
2022 3 0 0.100332 0.0369056 0.137238 0 0.137238 1.16405e+08 
2022 3 1 0.196236 0.106714 0.30295 0.0809805 0.383931 8.59358e+07 
2022 3 2 0.193471 0.0727883 0.266259 0.184637 0.450897 4.74713e+07 
2022 3 3 0.192268 0.065072 0.25734 0.235629 0.492969 3.33089e+07 
2022 3 4 0.191824 0.0623054 0.254129 0.255383 0.509513 1.0486e+07 
2022 3 5 0.191845 0.0598992 0.251744 0.25534 0.507084 8.60956e+06 
2022 3 6 0.191945 0.0552667 0.247212 0.255243 0.502455 3.86262e+06 
2022 3 7 0.191992 0.0586745 0.250666 0.255445 0.506112 2.91981e+06 
2023 3 0 0.100323 0.035924 0.136247 0 0.136247 1.16405e+08 
2023 3 1 0.196394 0.102238 0.298632 0.0810117 0.379643 8.102e+07 
2023 3 2 0.193572 0.0695476 0.263119 0.184642 0.447762 5.53383e+07 
2023 3 3 0.192358 0.062135 0.254493 0.235634 0.490126 2.93479e+07 
2023 3 4 0.191909 0.0594847 0.251393 0.255387 0.50678 2.01416e+07 
2023 3 5 0.191927 0.0571689 0.249096 0.255343 0.504438 6.32155e+06 
2023 3 6 0.192022 0.0527091 0.244732 0.255248 0.499979 5.21466e+06 
2023 3 7 0.192069 0.0560181 0.248087 0.255445 0.503532 2.33781e+06 
2024 3 0 0.100317 0.035288 0.135605 0 0.135605 1.16405e+08 
2024 3 1 0.196491 0.0994425 0.295934 0.081031 0.376965 8.12819e+07 
2024 3 2 0.193632 0.0675482 0.261181 0.184645 0.445826 5.22888e+07 
2024 3 3 0.192411 0.0603267 0.252738 0.235635 0.488374 3.42799e+07 
2024 3 4 0.19196 0.0577489 0.249708 0.255388 0.505097 1.77799e+07 
2024 3 5 0.191976 0.0554897 0.247466 0.255344 0.50281 1.21648e+07 
2024 3 6 0.192069 0.0511404 0.243209 0.25525 0.498459 3.83544e+06 
2024 3 7 0.192115 0.0543843 0.246499 0.255444 0.501944 3.16159e+06 
2025 3 0 0.100313 0.0348984 0.135212 0 0.135212 1.16405e+08 
2025 3 1 0.196547 0.0978212 0.294368 0.0810421 0.37541 8.14384e+07 
2025 3 2 0.193667 0.0663706 0.260038 0.184646 0.444684 5.25281e+07 
2025 3 3 0.192443 0.0592589 0.251702 0.235636 0.487338 3.243e+07 
2025 3 4 0.191989 0.0567224 0.248711 0.255389 0.5041 2.07915e+07 
2025 3 5 0.192005 0.0544963 0.246501 0.255344 0.501845 1.07504e+07 
2025 3 6 0.192095 0.0502059 0.242301 0.25525 0.497552 7.38842e+06 
2025 3 7 0.192142 0.0534161 0.245558 0.255443 0.501001 2.32782e+06 
2026 3 0 0.10031 0.0346265 0.134937 0 0.134937 1.16405e+08 
2026 3 1 0.196588 0.0966348 0.293223 0.0810499 0.374273 8.15478e+07 
2026 3 2 0.193693 0.0655181 0.259211 0.184647 0.443858 5.26782e+07 
2026 3 3 0.192465 0.0584872 0.250953 0.235636 0.486589 3.26058e+07 
2026 3 4 0.192011 0.0559815 0.247992 0.255389 0.503381 1.96851e+07 
2026 3 5 0.192026 0.0537793 0.245805 0.255344 0.501149 1.2581e+07 
2026 3 6 0.192115 0.0495368 0.241652 0.255251 0.496902 6.53404e+06 
2026 3 7 0.192161 0.0527183 0.244879 0.255442 0.500322 4.4875e+06 
2027 3 0 0.100309 0.0345217 0.134831 0 0.134831 1.16405e+08 
2027 3 1 0.196603 0.096229 0.292832 0.0810532 0.373885 8.15957e+07 
2027 3 2 0.193702 0.065217 0.258919 0.184648 0.443567 5.27707e+07 
2027 3 3 0.192474 0.0582131 0.250687 0.235638 0.486325 3.27111e+07 
2027 3 4 0.192018 0.0557171 0.247736 0.25539 0.503126 1.97986e+07 
2027 3 5 0.192033 0.0535238 0.245557 0.255345 0.500902 1.19155e+07 
2027 3 6 0.192122 0.049294 0.241416 0.255252 0.496668 7.64916e+06 
2027 3 7 0.192168 0.0524683 0.244636 0.255443 0.50008 3.96984e+06 
2028 3 0 0.100309 0.0344396 0.134748 0 0.134748 1.16405e+08 
2028 3 1 0.196614 0.095893 0.292507 0.0810555 0.373563 8.16259e+07 
2028 3 2 0.19371 0.0649711 0.258681 0.184648 0.443329 5.28155e+07 
2028 3 3 0.19248 0.0579899 0.25047 0.235638 0.486108 3.27763e+07 
2028 3 4 0.192025 0.0555024 0.247527 0.25539 0.502917 1.9867e+07 
2028 3 5 0.192039 0.053316 0.245355 0.255345 0.5007 1.19869e+07 
2028 3 6 0.192128 0.0490994 0.241227 0.255252 0.49648 7.24604e+06 
2028 3 7 0.192174 0.0522656 0.244439 0.255443 0.499883 4.64831e+06 
2029 3 0 0.100308 0.0344055 0.134714 0 0.134714 1.16405e+08 
2029 3 1 0.196618 0.0957833 0.292401 0.0810564 0.373458 8.16392e+07 
2029 3 2 0.193712 0.0648865 0.258599 0.184649 0.443248 5.28412e+07 
2029 3 3 0.192483 0.0579126 0.250395 0.235638 0.486034 3.28076e+07 
2029 3 4 0.192027 0.0554275 0.247454 0.255391 0.502845 1.99086e+07 
2029 3 5 0.192041 0.0532436 0.245285 0.255346 0.500631 1.20295e+07 
2029 3 6 0.19213 0.0490303 0.24116 0.255253 0.496413 7.29012e+06 
2029 3 7 0.192176 0.0521943 0.24437 0.255444 0.499814 4.40374e+06 
2030 3 0 0.100308 0.0343767 0.134685 0 0.134685 1.16405e+08 
2030 3 1 0.196622 0.0956735 0.292295 0.0810571 0.373352 8.16489e+07 
2030 3 2 0.193715 0.0648051 0.25852 0.184649 0.443169 5.28544e+07 
2030 3 3 0.192485 0.0578385 0.250323 0.235639 0.485962 3.28261e+07 
2030 3 4 0.192029 0.0553561 0.247385 0.255391 0.502776 1.99291e+07 
2030 3 5 0.192043 0.0531745 0.245218 0.255346 0.500564 1.20555e+07 
2030 3 6 0.192132 0.0489652 0.241097 0.255253 0.49635 7.31651e+06 
2030 3 7 0.192178 0.0521268 0.244304 0.255444 0.499748 4.43083e+06 
2031 3 0 0.100308 0.034359 0.134667 0 0.134667 1.16405e+08 
2031 3 1 0.196624 0.0956065 0.29223 0.0810576 0.373288 8.16555e+07 
2031 3 2 0.193716 0.0647553 0.258471 0.184649 0.443121 5.28637e+07 
2031 3 3 0.192486 0.0577932 0.250279 0.235639 0.485918 3.2836e+07 
2031 3 4 0.19203 0.0553125 0.247343 0.255391 0.502733 1.99413e+07 
2031 3 5 0.192045 0.0531323 0.245177 0.255346 0.500523 1.20685e+07 
2031 3 6 0.192133 0.0489254 0.241058 0.255253 0.496311 7.33267e+06 
2031 3 7 0.192179 0.0520855 0.244264 0.255444 0.499708 4.44707e+06 
2032 3 0 0.100308 0.0343481 0.134656 0 0.134656 1.16405e+08 
2032 3 1 0.196625 0.0955655 0.292191 0.0810579 0.373249 8.16596e+07 
2032 3 2 0.193717 0.0647249 0.258442 0.184649 0.443091 5.28698e+07 
2032 3 3 0.192487 0.0577655 0.250252 0.235639 0.485891 3.28428e+07 
2032 3 4 0.192031 0.0552858 0.247317 0.255391 0.502708 1.99479e+07 
2032 3 5 0.192045 0.0531064 0.245152 0.255346 0.500497 1.20762e+07 
2032 3 6 0.192133 0.048901 0.241035 0.255253 0.496288 7.34076e+06 
2032 3 7 0.192179 0.0520602 0.24424 0.255444 0.499683 4.45702e+06 
2033 3 0 0.100308 0.0343414 0.134649 0 0.134649 1.16405e+08 
2033 3 1 0.196626 0.0955404 0.292166 0.0810581 0.373225 8.1662e+07 
2033 3 2 0.193718 0.0647061 0.258424 0.184649 0.443073 5.28736e+07 
2033 3 3 0.192487 0.0577484 0.250236 0.235639 0.485875 3.28473e+07 
2033 3 4 0.192031 0.0552693 0.247301 0.255391 0.502692 1.99524e+07 
2033 3 5 0.192046 0.0530905 0.245136 0.255346 0.500482 1.20804e+07 
2033 3 6 0.192134 0.0488861 0.24102 0.255253 0.496273 7.3456e+06 
2033 3 7 0.19218 0.0520447 0.244225 0.255444 0.499668 4.46201e+06 
2034 3 0 0.100308 0.0343373 0.134645 0 0.134645 1.16405e+08 
2034 3 1 0.196627 0.0955248 0.292151 0.0810582 0.37321 8.16636e+07 
2034 3 2 0.193718 0.0646945 0.258412 0.184649 0.443062 5.28759e+07 
2034 3 3 0.192488 0.0577379 0.250225 0.235639 0.485864 3.285e+07 
2034 3 4 0.192032 0.0552592 0.247291 0.255391 0.502682 1.99553e+07 
2034 3 5 0.192046 0.0530807 0.245127 0.255346 0.500473 1.20833e+07 
2034 3 6 0.192134 0.0488768 0.241011 0.255253 0.496264 7.34824e+06 
2034 3 7 0.19218 0.052035 0.244215 0.255444 0.499659 4.465e+06 
2035 3 0 0.100308 0.0343347 0.134642 0 0.134642 1.16405e+08 
2035 3 1 0.196627 0.0955151 0.292142 0.0810582 0.3732 8.16645e+07 
2035 3 2 0.193718 0.0646873 0.258405 0.184649 0.443055 5.28773e+07 
2035 3 3 0.192488 0.0577313 0.250219 0.235639 0.485858 3.28517e+07 
2035 3 4 0.192032 0.0552528 0.247285 0.255391 0.502676 1.99571e+07 
2035 3 5 0.192046 0.0530745 0.245121 0.255346 0.500467 1.20852e+07 
2035 3 6 0.192134 0.048871 0.241005 0.255253 0.496258 7.35004e+06 
2035 3 7 0.19218 0.052029 0.244209 0.255444 0.499653 4.46663e+06 
2036 3 0 0.100308 0.0343331 0.134641 0 0.134641 1.16405e+08 
2036 3 1 0.196627 0.095509 0.292136 0.0810583 0.373194 8.16651e+07 
2036 3 2 0.193718 0.0646828 0.258401 0.184649 0.44305 5.28782e+07 
2036 3 3 0.192488 0.0577272 0.250215 0.235639 0.485854 3.28527e+07 
2036 3 4 0.192032 0.0552489 0.247281 0.255391 0.502672 1.99582e+07 
2036 3 5 0.192046 0.0530707 0.245117 0.255346 0.500463 1.20863e+07 
2036 3 6 0.192134 0.0488674 0.241002 0.255253 0.496255 7.3512e+06 
2036 3 7 0.19218 0.0520253 0.244206 0.255444 0.499649 4.46775e+06 
2037 3 0 0.100308 0.034332 0.13464 0 0.13464 1.16405e+08 
2037 3 1 0.196627 0.0955052 0.292132 0.0810583 0.373191 8.16655e+07 
2037 3 2 0.193718 0.06468 0.258398 0.184649 0.443048 5.28788e+07 
2037 3 3 0.192488 0.0577246 0.250213 0.235639 0.485851 3.28534e+07 
2037 3 4 0.192032 0.0552464 0.247278 0.255391 0.502669 1.99589e+07 
2037 3 5 0.192046 0.0530683 0.245115 0.255346 0.500461 1.2087e+07 
2037 3 6 0.192134 0.0488651 0.241 0.255253 0.496253 7.35191e+06 
2037 3 7 0.19218 0.052023 0.244203 0.255444 0.499647 4.46846e+06 
2038 3 0 0.100308 0.0343314 0.134639 0 0.134639 1.16405e+08 
2038 3 1 0.196627 0.0955029 0.29213 0.0810583 0.373189 8.16657e+07 
2038 3 2 0.193718 0.0646782 0.258397 0.184649 0.443046 5.28791e+07 
2038 3 3 0.192488 0.057723 0.250211 0.235639 0.48585 3.28538e+07 
2038 3 4 0.192032 0.0552449 0.247277 0.255391 0.502668 1.99594e+07 
2038 3 5 0.192046 0.0530668 0.245113 0.255346 0.500459 1.20875e+07 
2038 3 6 0.192135 0.0488637 0.240998 0.255253 0.496251 7.35235e+06 
2038 3 7 0.19218 0.0520215 0.244202 0.255444 0.499646 4.4689e+06 
2039 3 0 0.100308 0.034331 0.134639 0 0.134639 1.16405e+08 
2039 3 1 0.196627 0.0955014 0.292129 0.0810583 0.373187 8.16659e+07 
2039 3 2 0.193718 0.0646772 0.258396 0.184649 0.443045 5.28793e+07 
2039 3 3 0.192488 0.057722 0.25021 0.235639 0.485849 3.2854e+07 
2039 3 4 0.192032 0.0552439 0.247276 0.255391 0.502667 1.99596e+07 
2039 3 5 0.192047 0.0530659 0.245112 0.255346 0.500458 1.20877e+07 
2039 3 6 0.192135 0.0488629 0.240997 0.255253 0.496251 7.35262e+06 
2039 3 7 0.19218 0.0520206 0.244201 0.255444 0.499645 4.46917e+06 
2040 3 0 0.100308 0.0343308 0.134638 0 0.134638 1.16405e+08 
2040 3 1 0.196627 0.0955005 0.292128 0.0810583 0.373186 8.1666e+07 
2040 3 2 0.193718 0.0646765 0.258395 0.184649 0.443044 5.28795e+07 
2040 3 3 0.192488 0.0577214 0.25021 0.235639 0.485848 3.28542e+07 
2040 3 4 0.192032 0.0552433 0.247275 0.255391 0.502666 1.99598e+07 
2040 3 5 0.192047 0.0530653 0.245112 0.255346 0.500458 1.20879e+07 
2040 3 6 0.192135 0.0488623 0.240997 0.255253 0.49625 7.35279e+06 
2040 3 7 0.192181 0.05202 0.244201 0.255444 0.499644 4.46934e+06 
2041 3 0 0.100308 0.0343306 0.134638 0 0.134638 1.16405e+08 
2041 3 1 0.196627 0.0954999 0.292127 0.0810583 0.373186 8.1666e+07 
2041 3 2 0.193718 0.0646761 0.258394 0.184649 0.443044 5.28796e+07 
2041 3 3 0.192488 0.057721 0.250209 0.235639 0.485848 3.28543e+07 
2041 3 4 0.192032 0.0552429 0.247275 0.255391 0.502666 1.99599e+07 
2041 3 5 0.192047 0.053065 0.245112 0.255346 0.500457 1.2088e+07 
2041 3 6 0.192135 0.048862 0.240997 0.255253 0.49625 7.3529e+06 
2041 3 7 0.192181 0.0520197 0.2442 0.255444 0.499644 4.46945e+06 
2042 3 0 0.100308 0.0343305 0.134638 0 0.134638 1.16405e+08 
2042 3 1 0.196627 0.0954996 0.292127 0.0810583 0.373185 8.1666e+07 
2042 3 2 0.193718 0.0646758 0.258394 0.184649 0.443043 5.28796e+07 
2042 3 3 0.192488 0.0577208 0.250209 0.235639 0.485848 3.28543e+07 
2042 3 4 0.192032 0.0552427 0.247275 0.255391 0.502666 1.996e+07 
2042 3 5 0.192047 0.0530648 0.245111 0.255346 0.500457 1.20881e+07 
2042 3 6 0.192135 0.0488618 0.240996 0.255253 0.49625 7.35297e+06 
2042 3 7 0.192181 0.0520195 0.2442 0.255444 0.499644 4.46951e+06 
2043 3 0 0.100308 0.0343305 0.134638 0 0.134638 1.16405e+08 
2043 3 1 0.196627 0.0954993 0.292127 0.0810583 0.373185 8.16661e+07 
2043 3 2 0.193718 0.0646756 0.258394 0.184649 0.443043 5.28796e+07 
2043 3 3 0.192488 0.0577207 0.250209 0.235639 0.485848 3.28544e+07 
2043 3 4 0.192032 0.0552426 0.247275 0.255391 0.502666 1.996e+07 
2043 3 5 0.192047 0.0530646 0.245111 0.255346 0.500457 1.20881e+07 
2043 3 6 0.192135 0.0488616 0.240996 0.255253 0.496249 7.35301e+06 
2043 3 7 0.192181 0.0520193 0.2442 0.255444 0.499644 4.46955e+06 
2044 3 0 0.100308 0.0343304 0.134638 0 0.134638 1.16405e+08 
2044 3 1 0.196627 0.0954992 0.292127 0.0810583 0.373185 8.16661e+07 
2044 3 2 0.193718 0.0646755 0.258394 0.184649 0.443043 5.28797e+07 
2044 3 3 0.192488 0.0577206 0.250209 0.235639 0.485848 3.28544e+07 
2044 3 4 0.192032 0.0552425 0.247275 0.255391 0.502666 1.996e+07 
2044 3 5 0.192047 0.0530645 0.245111 0.255346 0.500457 1.20881e+07 
2044 3 6 0.192135 0.0488616 0.240996 0.255253 0.496249 7.35303e+06 
2044 3 7 0.192181 0.0520193 0.2442 0.255444 0.499643 4.46958e+06 
2045 3 0 0.100308 0.0343304 0.134638 0 0.134638 1.16405e+08 
2045 3 1 0.196627 0.0954991 0.292127 0.0810583 0.373185 8.16661e+07 
2045 3 2 0.193718 0.0646755 0.258394 0.184649 0.443043 5.28797e+07 
2045 3 3 0.192488 0.0577205 0.250209 0.235639 0.485847 3.28544e+07 
2045 3 4 0.192032 0.0552424 0.247275 0.255391 0.502666 1.996e+07 
2045 3 5 0.192047 0.0530645 0.245111 0.255346 0.500457 1.20882e+07 
2045 3 6 0.192135 0.0488615 0.240996 0.255253 0.496249 7.35305e+06 
2045 3 7 0.192181 0.0520192 0.2442 0.255444 0.499643 4.4696e+06 
2046 3 0 0.100308 0.0343304 0.134638 0 0.134638 1.16405e+08 
2046 3 1 0.196627 0.0954991 0.292127 0.0810583 0.373185 8.16661e+07 
2046 3 2 0.193718 0.0646754 0.258394 0.184649 0.443043 5.28797e+07 
2046 3 3 0.192488 0.0577205 0.250209 0.235639 0.485847 3.28544e+07 
2046 3 4 0.192032 0.0552424 0.247275 0.255391 0.502665 1.99601e+07 
2046 3 5 0.192047 0.0530644 0.245111 0.255346 0.500457 1.20882e+07 
2046 3 6 0.192135 0.0488615 0.240996 0.255253 0.496249 7.35306e+06 
2046 3 7 0.192181 0.0520192 0.2442 0.255444 0.499643 4.46961e+06 
2047 3 0 0.100308 0.0343304 0.134638 0 0.134638 1.16405e+08 
2047 3 1 0.196627 0.095499 0.292127 0.0810583 0.373185 8.16661e+07 
2047 3 2 0.193718 0.0646754 0.258394 0.184649 0.443043 5.28797e+07 
2047 3 3 0.192488 0.0577204 0.250209 0.235639 0.485847 3.28544e+07 
2047 3 4 0.192032 0.0552424 0.247274 0.255391 0.502665 1.99601e+07 
2047 3 5 0.192047 0.0530644 0.245111 0.255346 0.500457 1.20882e+07 
2047 3 6 0.192135 0.0488615 0.240996 0.255253 0.496249 7.35307e+06 
2047 3 7 0.192181 0.0520191 0.2442 0.255444 0.499643 4.46961e+06 
2048 3 0 0.100308 0.0343304 0.134638 0 0.134638 1.16405e+08 
2048 3 1 0.196627 0.095499 0.292127 0.0810583 0.373185 8.16661e+07 
2048 3 2 0.193718 0.0646754 0.258394 0.184649 0.443043 5.28797e+07 
2048 3 3 0.192488 0.0577204 0.250209 0.235639 0.485847 3.28544e+07 
2048 3 4 0.192032 0.0552423 0.247274 0.255391 0.502665 1.99601e+07 
2048 3 5 0.192047 0.0530644 0.245111 0.255346 0.500457 1.20882e+07 
2048 3 6 0.192135 0.0488614 0.240996 0.255253 0.496249 7.35307e+06 
2048 3 7 0.192181 0.0520191 0.2442 0.255444 0.499643 4.46962e+06 
2049 3 0 0.100308 0.0343304 0.134638 0 0.134638 1.16405e+08 
2049 3 1 0.196627 0.095499 0.292126 0.0810583 0.373185 8.16661e+07 
2049 3 2 0.193718 0.0646754 0.258394 0.184649 0.443043 5.28797e+07 
2049 3 3 0.192488 0.0577204 0.250209 0.235639 0.485847 3.28544e+07 
2049 3 4 0.192032 0.0552423 0.247274 0.255391 0.502665 1.99601e+07 
2049 3 5 0.192047 0.0530644 0.245111 0.255346 0.500457 1.20882e+07 
2049 3 6 0.192135 0.0488614 0.240996 0.255253 0.496249 7.35307e+06 
2049 3 7 0.192181 0.0520191 0.2442 0.255444 0.499643 4.46962e+06 
2050 3 0 0.100308 0.0343304 0.134638 0 0.134638 1.16405e+08 
2050 3 1 0.196627 0.095499 0.292126 0.0810583 0.373185 8.16661e+07 
2050 3 2 0.193718 0.0646754 0.258394 0.184649 0.443043 5.28797e+07 
2050 3 3 0.192488 0.0577204 0.250209 0.235639 0.485847 3.28544e+07 
2050 3 4 0.192032 0.0552423 0.247274 0.255391 0.502665 1.99601e+07 
2050 3 5 0.192047 0.0530644 0.245111 0.255346 0.500457 1.20882e+07 
2050 3 6 0.192135 0.0488614 0.240996 0.255253 0.496249 7.35307e+06 
2050 3 7 0.192181 0.0520191 0.2442 0.255444 0.499643 4.46962e+06 
2051 3 0 0.100308 0.0343304 0.134638 0 0.134638 1.16405e+08 
2051 3 1 0.196627 0.095499 0.292126 0.0810583 0.373185 8.16661e+07 
2051 3 2 0.193718 0.0646754 0.258394 0.184649 0.443043 5.28797e+07 
2051 3 3 0.192488 0.0577204 0.250209 0.235639 0.485847 3.28544e+07 
2051 3 4 0.192032 0.0552423 0.247274 0.255391 0.502665 1.99601e+07 
2051 3 5 0.192047 0.0530644 0.245111 0.255346 0.500457 1.20882e+07 
2051 3 6 0.192135 0.0488614 0.240996 0.255253 0.496249 7.35307e+06 
2051 3 7 0.192181 0.0520191 0.2442 0.255444 0.499643 4.46962e+06 
2052 3 0 0.100308 0.0343304 0.134638 0 0.134638 1.16405e+08 
2052 3 1 0.196627 0.095499 0.292126 0.0810583 0.373185 8.16661e+07 
2052 3 2 0.193718 0.0646754 0.258394 0.184649 0.443043 5.28797e+07 
2052 3 3 0.192488 0.0577204 0.250209 0.235639 0.485847 3.28544e+07 
2052 3 4 0.192032 0.0552423 0.247274 0.255391 0.502665 1.99601e+07 
2052 3 5 0.192047 0.0530644 0.245111 0.255346 0.500457 1.20882e+07 
2052 3 6 0.192135 0.0488614 0.240996 0.255253 0.496249 7.35308e+06 
2052 3 7 0.192181 0.0520191 0.2442 0.255444 0.499643 4.46962e+06 
2053 3 0 0.100308 0.0343304 0.134638 0 0.134638 1.16405e+08 
2053 3 1 0.196627 0.095499 0.292126 0.0810583 0.373185 8.16661e+07 
2053 3 2 0.193718 0.0646754 0.258394 0.184649 0.443043 5.28797e+07 
2053 3 3 0.192488 0.0577204 0.250209 0.235639 0.485847 3.28544e+07 
2053 3 4 0.192032 0.0552423 0.247274 0.255391 0.502665 1.99601e+07 
2053 3 5 0.192047 0.0530644 0.245111 0.255346 0.500457 1.20882e+07 
2053 3 6 0.192135 0.0488614 0.240996 0.255253 0.496249 7.35308e+06 
2053 3 7 0.192181 0.0520191 0.2442 0.255444 0.499643 4.46962e+06 
2054 3 0 0.100308 0.0343304 0.134638 0 0.134638 1.16405e+08 
2054 3 1 0.196627 0.095499 0.292126 0.0810583 0.373185 8.16661e+07 
2054 3 2 0.193718 0.0646754 0.258394 0.184649 0.443043 5.28797e+07 
2054 3 3 0.192488 0.0577204 0.250209 0.235639 0.485847 3.28544e+07 
2054 3 4 0.192032 0.0552423 0.247274 0.255391 0.502665 1.99601e+07 
2054 3 5 0.192047 0.0530644 0.245111 0.255346 0.500457 1.20882e+07 
2054 3 6 0.192135 0.0488614 0.240996 0.255253 0.496249 7.35308e+06 
2054 3 7 0.192181 0.0520191 0.2442 0.255444 0.499643 4.46962e+06 
2055 3 0 0.100308 0.0343304 0.134638 0 0.134638 1.16405e+08 
2055 3 1 0.196627 0.095499 0.292126 0.0810583 0.373185 8.16661e+07 
2055 3 2 0.193718 0.0646754 0.258394 0.184649 0.443043 5.28797e+07 
2055 3 3 0.192488 0.0577204 0.250209 0.235639 0.485847 3.28544e+07 
2055 3 4 0.192032 0.0552423 0.247274 0.255391 0.502665 1.99601e+07 
2055 3 5 0.192047 0.0530644 0.245111 0.255346 0.500457 1.20882e+07 
2055 3 6 0.192135 0.0488614 0.240996 0.255253 0.496249 7.35308e+06 
2055 3 7 0.192181 0.0520191 0.2442 0.255444 0.499643 4.46962e+06 
2056 3 0 0.100308 0.0343304 0.134638 0 0.134638 1.16405e+08 
2056 3 1 0.196627 0.095499 0.292126 0.0810583 0.373185 8.16661e+07 
2056 3 2 0.193718 0.0646754 0.258394 0.184649 0.443043 5.28797e+07 
2056 3 3 0.192488 0.0577204 0.250209 0.235639 0.485847 3.28544e+07 
2056 3 4 0.192032 0.0552423 0.247274 0.255391 0.502665 1.99601e+07 
2056 3 5 0.192047 0.0530644 0.245111 0.255346 0.500457 1.20882e+07 
2056 3 6 0.192135 0.0488614 0.240996 0.255253 0.496249 7.35308e+06 
2056 3 7 0.192181 0.0520191 0.2442 0.255444 0.499643 4.46962e+06 
2057 3 0 0.100308 0.0343304 0.134638 0 0.134638 1.16405e+08 
2057 3 1 0.196627 0.095499 0.292126 0.0810583 0.373185 8.16661e+07 
2057 3 2 0.193718 0.0646754 0.258394 0.184649 0.443043 5.28797e+07 
2057 3 3 0.192488 0.0577204 0.250209 0.235639 0.485847 3.28544e+07 
2057 3 4 0.192032 0.0552423 0.247274 0.255391 0.502665 1.99601e+07 
2057 3 5 0.192047 0.0530644 0.245111 0.255346 0.500457 1.20882e+07 
2057 3 6 0.192135 0.0488614 0.240996 0.255253 0.496249 7.35308e+06 
2057 3 7 0.192181 0.0520191 0.2442 0.255444 0.499643 4.46962e+06 
2058 3 0 0.100308 0.0343304 0.134638 0 0.134638 1.16405e+08 
2058 3 1 0.196627 0.095499 0.292126 0.0810583 0.373185 8.16661e+07 
2058 3 2 0.193718 0.0646754 0.258394 0.184649 0.443043 5.28797e+07 
2058 3 3 0.192488 0.0577204 0.250209 0.235639 0.485847 3.28544e+07 
2058 3 4 0.192032 0.0552423 0.247274 0.255391 0.502665 1.99601e+07 
2058 3 5 0.192047 0.0530644 0.245111 0.255346 0.500457 1.20882e+07 
2058 3 6 0.192135 0.0488614 0.240996 0.255253 0.496249 7.35308e+06 
2058 3 7 0.192181 0.0520191 0.2442 0.255444 0.499643 4.46962e+06 
2059 3 0 0.100308 0.0343304 0.134638 0 0.134638 1.16405e+08 
2059 3 1 0.196627 0.095499 0.292126 0.0810583 0.373185 8.16661e+07 
2059 3 2 0.193718 0.0646754 0.258394 0.184649 0.443043 5.28797e+07 
2059 3 3 0.192488 0.0577204 0.250209 0.235639 0.485847 3.28544e+07 
2059 3 4 0.192032 0.0552423 0.247274 0.255391 0.502665 1.99601e+07 
2059 3 5 0.192047 0.0530644 0.245111 0.255346 0.500457 1.20882e+07 
2059 3 6 0.192135 0.0488614 0.240996 0.255253 0.496249 7.35308e+06 
2059 3 7 0.192181 0.0520191 0.2442 0.255444 0.499643 4.46962e+06 
2060 3 0 0.100308 0.0343304 0.134638 0 0.134638 1.16405e+08 
2060 3 1 0.196627 0.095499 0.292126 0.0810583 0.373185 8.16661e+07 
2060 3 2 0.193718 0.0646754 0.258394 0.184649 0.443043 5.28797e+07 
2060 3 3 0.192488 0.0577204 0.250209 0.235639 0.485847 3.28544e+07 
2060 3 4 0.192032 0.0552423 0.247274 0.255391 0.502665 1.99601e+07 
2060 3 5 0.192047 0.0530644 0.245111 0.255346 0.500457 1.20882e+07 
2060 3 6 0.192135 0.0488614 0.240996 0.255253 0.496249 7.35308e+06 
2060 3 7 0.192181 0.0520191 0.2442 0.255444 0.499643 4.46962e+06 
2061 3 0 0.100308 0.0343304 0.134638 0 0.134638 1.16405e+08 
2061 3 1 0.196627 0.095499 0.292126 0.0810583 0.373185 8.16661e+07 
2061 3 2 0.193718 0.0646754 0.258394 0.184649 0.443043 5.28797e+07 
2061 3 3 0.192488 0.0577204 0.250209 0.235639 0.485847 3.28544e+07 
2061 3 4 0.192032 0.0552423 0.247274 0.255391 0.502665 1.99601e+07 
2061 3 5 0.192047 0.0530644 0.245111 0.255346 0.500457 1.20882e+07 
2061 3 6 0.192135 0.0488614 0.240996 0.255253 0.496249 7.35308e+06 
2061 3 7 0.192181 0.0520191 0.2442 0.255444 0.499643 4.46962e+06 
