Year Species.n yield CWsum CWsum.core DeadM DeadM2 DeadM_core DeadM2_core Fbar.anno Fbar SSB TSB recruit value
2022 2 147597 147597 147597 134788 56807.9 134788 56807.9 0.317419 0.315591 548201 727013 2.08522e+07 44279.2
2023 2 170208 170208 170208 149789 60368.4 149789 60368.4 0.317493 0.315591 648936 845454 2.08522e+07 51062.5
2024 2 195215 195215 195215 159935 62719.4 159935 62719.4 0.317535 0.315591 735780 940420 2.08522e+07 58564.4
2025 2 214286 214286 214286 168346 64326.3 168346 64326.3 0.31756 0.315591 815458 1.01984e+06 2.08522e+07 64285.7
2026 2 233797 233797 233797 173591 65247.6 173591 65247.6 0.317578 0.315591 875922 1.08081e+06 2.08522e+07 70139.2
2027 2 246376 246376 246376 177454 65966 177454 65966 0.317585 0.315591 916114 1.12134e+06 2.08522e+07 73912.8
2028 2 254870 254870 254870 179722 66344 179722 66344 0.317591 0.315591 943436 1.14884e+06 2.08522e+07 76460.9
2029 2 260694 260694 260694 181320 66633.2 181320 66633.2 0.317593 0.315591 962759 1.16826e+06 2.08522e+07 78208.1
2030 2 264290 264290 264290 182279 66787.6 182279 66787.6 0.317595 0.315591 974594 1.18015e+06 2.08522e+07 79287
2031 2 266542 266542 266542 182879 66884.1 182879 66884.1 0.317596 0.315591 982001 1.18759e+06 2.08522e+07 79962.7
2032 2 267949 267949 267949 183253 66944.5 183253 66944.5 0.317597 0.315591 986630 1.19224e+06 2.08522e+07 80384.8
2033 2 268826 268826 268826 183486 66982.2 183486 66982.2 0.317597 0.315591 989519 1.19514e+06 2.08522e+07 80647.9
2034 2 269373 269373 269373 183632 67005.8 183632 67005.8 0.317597 0.315591 991319 1.19695e+06 2.08522e+07 80811.9
2035 2 269713 269713 269713 183722 67020.5 183722 67020.5 0.317597 0.315591 992441 1.19808e+06 2.08522e+07 80914
2036 2 269925 269925 269925 183779 67029.6 183779 67029.6 0.317597 0.315591 993139 1.19878e+06 2.08522e+07 80977.6
2037 2 270057 270057 270057 183814 67035.3 183814 67035.3 0.317598 0.315591 993574 1.19922e+06 2.08522e+07 81017.2
2038 2 270140 270140 270140 183836 67038.8 183836 67038.8 0.317598 0.315591 993845 1.19949e+06 2.08522e+07 81041.9
2039 2 270191 270191 270191 183849 67041 183849 67041 0.317598 0.315591 994014 1.19966e+06 2.08522e+07 81057.3
2040 2 270223 270223 270223 183858 67042.4 183858 67042.4 0.317598 0.315591 994119 1.19977e+06 2.08522e+07 81066.8
2041 2 270243 270243 270243 183863 67043.2 183863 67043.2 0.317598 0.315591 994184 1.19983e+06 2.08522e+07 81072.8
2042 2 270255 270255 270255 183866 67043.8 183866 67043.8 0.317598 0.315591 994225 1.19987e+06 2.08522e+07 81076.5
2043 2 270263 270263 270263 183868 67044.1 183868 67044.1 0.317598 0.315591 994251 1.1999e+06 2.08522e+07 81078.8
2044 2 270268 270268 270268 183870 67044.3 183870 67044.3 0.317598 0.315591 994266 1.19991e+06 2.08522e+07 81080.3
2045 2 270271 270271 270271 183870 67044.4 183870 67044.4 0.317598 0.315591 994276 1.19992e+06 2.08522e+07 81081.2
2046 2 270272 270272 270272 183871 67044.5 183871 67044.5 0.317598 0.315591 994282 1.19993e+06 2.08522e+07 81081.7
2047 2 270274 270274 270274 183871 67044.6 183871 67044.6 0.317598 0.315591 994286 1.19993e+06 2.08522e+07 81082.1
2048 2 270274 270274 270274 183871 67044.6 183871 67044.6 0.317598 0.315591 994289 1.19994e+06 2.08522e+07 81082.3
2049 2 270275 270275 270275 183872 67044.6 183872 67044.6 0.317598 0.315591 994290 1.19994e+06 2.08522e+07 81082.4
2050 2 270275 270275 270275 183872 67044.6 183872 67044.6 0.317598 0.315591 994291 1.19994e+06 2.08522e+07 81082.5
2051 2 270275 270275 270275 183872 67044.6 183872 67044.6 0.317598 0.315591 994292 1.19994e+06 2.08522e+07 81082.6
2052 2 270275 270275 270275 183872 67044.6 183872 67044.6 0.317598 0.315591 994292 1.19994e+06 2.08522e+07 81082.6
2053 2 270275 270275 270275 183872 67044.6 183872 67044.6 0.317598 0.315591 994292 1.19994e+06 2.08522e+07 81082.6
2054 2 270275 270275 270275 183872 67044.6 183872 67044.6 0.317598 0.315591 994292 1.19994e+06 2.08522e+07 81082.6
2055 2 270275 270275 270275 183872 67044.6 183872 67044.6 0.317598 0.315591 994292 1.19994e+06 2.08522e+07 81082.6
2056 2 270275 270275 270275 183872 67044.6 183872 67044.6 0.317598 0.315591 994292 1.19994e+06 2.08522e+07 81082.6
2057 2 270275 270275 270275 183872 67044.6 183872 67044.6 0.317598 0.315591 994292 1.19994e+06 2.08522e+07 81082.6
2058 2 270275 270275 270275 183872 67044.6 183872 67044.6 0.317598 0.315591 994292 1.19994e+06 2.08522e+07 81082.6
2059 2 270275 270275 270275 183872 67044.6 183872 67044.6 0.317598 0.315591 994292 1.19994e+06 2.08522e+07 81082.6
2060 2 270275 270275 270275 183872 67044.6 183872 67044.6 0.317598 0.315591 994292 1.19994e+06 2.08522e+07 81082.6
2061 2 270275 270275 270275 183872 67044.6 183872 67044.6 0.317598 0.315591 994292 1.19994e+06 2.08522e+07 81082.6
2022 3 279053 279053 279053 488112 131734 488112 131734 0.248784 0.24121 1.35257e+06 1.70226e+06 1.16405e+08 83715.9
2023 3 303541 303541 303541 505961 131606 505961 131606 0.248788 0.24121 1.48719e+06 1.82371e+06 1.16405e+08 91062.3
2024 3 319545 319545 319545 517636 131409 517636 131409 0.248789 0.24121 1.56219e+06 1.89664e+06 1.16405e+08 95863.5
2025 3 328565 328565 328565 524373 131082 524373 131082 0.24879 0.24121 1.60277e+06 1.93755e+06 1.16405e+08 98569.6
2026 3 335857 335857 335857 529773 131054 529773 131054 0.24879 0.24121 1.6382e+06 1.97318e+06 1.16405e+08 100757
2027 3 336499 336499 336499 530129 130658 530129 130658 0.248791 0.24121 1.64102e+06 1.97615e+06 1.16405e+08 100950
2028 3 338074 338074 338074 531136 130539 531136 130539 0.248791 0.24121 1.64869e+06 1.98388e+06 1.16405e+08 101422
2029 3 337780 337780 337780 530796 130343 530796 130343 0.248792 0.24121 1.64723e+06 1.98246e+06 1.16405e+08 101334
2030 3 338157 338157 338157 531035 130275 531035 130275 0.248792 0.24121 1.64902e+06 1.98427e+06 1.16405e+08 101447
2031 3 338376 338376 338376 531170 130232 531170 130232 0.248792 0.24121 1.65006e+06 1.98532e+06 1.16405e+08 101513
2032 3 338504 338504 338504 531248 130204 531248 130204 0.248792 0.24121 1.65067e+06 1.98593e+06 1.16405e+08 101551
2033 3 338579 338579 338579 531292 130186 531292 130186 0.248792 0.24121 1.65102e+06 1.98629e+06 1.16405e+08 101574
2034 3 338624 338624 338624 531319 130175 531319 130175 0.248792 0.24121 1.65124e+06 1.98652e+06 1.16405e+08 101587
2035 3 338653 338653 338653 531335 130168 531335 130168 0.248792 0.24121 1.65137e+06 1.98665e+06 1.16405e+08 101596
2036 3 338671 338671 338671 531346 130164 531346 130164 0.248792 0.24121 1.65146e+06 1.98674e+06 1.16405e+08 101601
2037 3 338682 338682 338682 531353 130161 531353 130161 0.248792 0.24121 1.65151e+06 1.98679e+06 1.16405e+08 101605
2038 3 338689 338689 338689 531357 130159 531357 130159 0.248792 0.24121 1.65155e+06 1.98683e+06 1.16405e+08 101607
2039 3 338693 338693 338693 531359 130158 531359 130158 0.248792 0.24121 1.65157e+06 1.98685e+06 1.16405e+08 101608
2040 3 338696 338696 338696 531361 130157 531361 130157 0.248792 0.24121 1.65158e+06 1.98686e+06 1.16405e+08 101609
2041 3 338698 338698 338698 531362 130157 531362 130157 0.248792 0.24121 1.65159e+06 1.98687e+06 1.16405e+08 101609
2042 3 338699 338699 338699 531362 130157 531362 130157 0.248792 0.24121 1.65159e+06 1.98687e+06 1.16405e+08 101610
2043 3 338699 338699 338699 531363 130157 531363 130157 0.248792 0.24121 1.6516e+06 1.98688e+06 1.16405e+08 101610
2044 3 338700 338700 338700 531363 130157 531363 130157 0.248792 0.24121 1.6516e+06 1.98688e+06 1.16405e+08 101610
2045 3 338700 338700 338700 531363 130157 531363 130157 0.248792 0.24121 1.6516e+06 1.98688e+06 1.16405e+08 101610
2046 3 338700 338700 338700 531363 130156 531363 130156 0.248792 0.24121 1.6516e+06 1.98688e+06 1.16405e+08 101610
2047 3 338700 338700 338700 531363 130156 531363 130156 0.248792 0.24121 1.6516e+06 1.98688e+06 1.16405e+08 101610
2048 3 338700 338700 338700 531363 130156 531363 130156 0.248792 0.24121 1.6516e+06 1.98688e+06 1.16405e+08 101610
2049 3 338700 338700 338700 531363 130156 531363 130156 0.248792 0.24121 1.6516e+06 1.98688e+06 1.16405e+08 101610
2050 3 338700 338700 338700 531363 130156 531363 130156 0.248792 0.24121 1.6516e+06 1.98688e+06 1.16405e+08 101610
2051 3 338700 338700 338700 531363 130156 531363 130156 0.248792 0.24121 1.6516e+06 1.98688e+06 1.16405e+08 101610
2052 3 338700 338700 338700 531363 130156 531363 130156 0.248792 0.24121 1.6516e+06 1.98688e+06 1.16405e+08 101610
2053 3 338700 338700 338700 531363 130156 531363 130156 0.248792 0.24121 1.6516e+06 1.98688e+06 1.16405e+08 101610
2054 3 338700 338700 338700 531363 130156 531363 130156 0.248792 0.24121 1.6516e+06 1.98688e+06 1.16405e+08 101610
2055 3 338700 338700 338700 531363 130156 531363 130156 0.248792 0.24121 1.6516e+06 1.98688e+06 1.16405e+08 101610
2056 3 338700 338700 338700 531363 130156 531363 130156 0.248792 0.24121 1.6516e+06 1.98688e+06 1.16405e+08 101610
2057 3 338700 338700 338700 531363 130156 531363 130156 0.248792 0.24121 1.6516e+06 1.98688e+06 1.16405e+08 101610
2058 3 338700 338700 338700 531363 130156 531363 130156 0.248792 0.24121 1.6516e+06 1.98688e+06 1.16405e+08 101610
2059 3 338700 338700 338700 531363 130156 531363 130156 0.248792 0.24121 1.6516e+06 1.98688e+06 1.16405e+08 101610
2060 3 338700 338700 338700 531363 130156 531363 130156 0.248792 0.24121 1.6516e+06 1.98688e+06 1.16405e+08 101610
2061 3 338700 338700 338700 531363 130156 531363 130156 0.248792 0.24121 1.6516e+06 1.98688e+06 1.16405e+08 101610
